2019-03-23 13:58:25,148 - request - DEBUG - 一个debug信息
2019-03-23 13:58:25,149 - request - INFO - 一个info信息
2019-03-23 13:58:25,149 - request - WARNING - 一个warning信息
2019-03-23 13:58:25,149 - request - ERROR - 一个error信息
2019-03-23 13:58:25,150 - request - CRITICAL - 一个致命critical信息
2019-03-23 14:01:41,553 - request - INFO - 未发货订单数量为:7
2019-03-23 14:01:41,939 - request - INFO - 第1个订单发货完成
2019-03-23 15:25:15,121 - request - INFO - 未发货订单数量为:7
2019-03-23 15:28:12,451 - request - INFO - 未发货订单数量为:7
2019-03-23 15:30:23,934 - request - INFO - 未发货订单数量为:7
2019-03-23 15:30:27,305 - request - INFO - 第1个订单发货完成
2019-03-23 15:33:08,512 - request - INFO - 未发货订单数量为:43
2019-03-23 15:35:17,886 - request - INFO - 未发货订单数量为:43
2019-03-23 18:27:08,559 - request - INFO - 未发货订单数量为:43
2019-03-23 18:36:29,659 - request - DEBUG - 账户退出成功！
2019-03-23 18:36:32,287 - request - DEBUG - 账户退出成功！
2019-03-23 18:37:18,732 - request - DEBUG - 账户未登录！
2019-03-23 18:40:41,586 - request - INFO - 未发货订单数量为:6
2019-03-23 18:40:44,967 - request - INFO - 第1个订单发货完成
2019-03-23 18:49:56,444 - request - DEBUG - 账户退出成功！
2019-03-23 21:59:44,100 - request - INFO - 未发货订单数量为:5
2019-03-23 21:59:47,470 - request - INFO - 第1个订单发货完成
2019-03-23 22:08:46,647 - request - INFO - 未发货订单数量为:7
2019-03-23 22:08:46,712 - request - INFO - 订单32019032322045701469发货
2019-03-23 22:08:50,040 - request - INFO - 第1个订单-32019032322045701469发货完成
2019-03-23 22:12:16,859 - request - INFO - 未发货订单数量为:6
2019-03-23 22:12:16,916 - request - INFO - 订单32019032322045701469发货
2019-03-23 22:12:20,228 - request - INFO - 第1个订单-32019032322045701469发货完成
2019-03-23 23:21:59,562 - request - INFO - 未发货订单数量为:5
2019-03-23 23:21:59,634 - request - INFO - 订单82019032322043501461发货
2019-03-23 23:22:02,956 - request - INFO - 第1个订单-82019032322043501461发货完成
2019-03-23 23:36:05,722 - request - INFO - 未发货订单数量为:4
2019-03-23 23:36:05,789 - request - INFO - 订单82019032322042301450发货
2019-03-23 23:36:14,196 - request - INFO - 第1个订单-82019032322042301450发货完成
2019-03-23 23:47:07,024 - request - INFO - 未发货订单数量为:3
2019-03-23 23:47:07,060 - request - INFO - 第1个未发货订单售后中
2019-03-23 23:47:07,083 - request - INFO - 第2个未发货订单为拼团订单
2019-03-23 23:47:07,087 - request - INFO - 第3个未发货订单售后中
2019-03-25 22:04:49,754 - request - DEBUG - 一个debug信息
2019-03-25 22:04:49,757 - request - INFO - 一个info信息
2019-03-25 22:04:49,757 - request - WARNING - 一个warning信息
2019-03-25 22:04:49,757 - request - ERROR - 一个error信息
2019-03-25 22:04:49,757 - request - CRITICAL - 一个致命critical信息
