2019-03-06 17:20:25,840 - request - DEBUG - 一个debug信息
2019-03-06 17:20:25,840 - request - INFO - 一个info信息
2019-03-06 17:20:25,840 - request - WARNING - 一个warning信息
2019-03-06 17:20:25,840 - request - ERROR - 一个error信息
2019-03-06 17:20:25,840 - request - CRITICAL - 一个致命critical信息
2019-03-06 17:55:44,968 - request - DEBUG - 账户登录失败！
2019-03-06 17:56:29,880 - request - DEBUG - 账户登录成功！
2019-03-06 17:56:29,889 - request - DEBUG - 账户登录成功！
2019-03-06 17:56:40,044 - request - DEBUG - 账户退出成功！
2019-03-06 17:56:48,634 - request - DEBUG - 账户登录成功！
2019-03-06 17:56:48,644 - request - DEBUG - 账户登录成功！
2019-03-06 17:56:58,793 - request - DEBUG - 账户退出成功！
2019-03-06 17:57:31,455 - request - DEBUG - 账户登录失败！
2019-03-06 17:57:37,469 - request - DEBUG - 账户登录失败！
2019-03-06 17:57:37,469 - request - DEBUG - 账户未登录！
2019-03-06 17:57:43,932 - request - DEBUG - 账户登录成功！
2019-03-06 17:57:55,262 - request - DEBUG - 账户登录成功！
2019-03-06 17:58:03,450 - request - DEBUG - 账户登录成功！
2019-03-06 17:58:03,461 - request - DEBUG - 账户登录成功！
2019-03-06 17:58:03,661 - request - DEBUG - 账户退出成功！
2019-03-06 17:58:05,456 - request - DEBUG - 账户登录成功！
2019-03-06 17:58:05,465 - request - DEBUG - 账户登录成功！
2019-03-06 17:58:05,625 - request - DEBUG - 账户退出成功！
2019-03-06 18:00:06,454 - request - DEBUG - 账户登录失败！
2019-03-06 18:02:06,512 - request - DEBUG - 账户登录失败！
2019-03-06 18:02:06,512 - request - DEBUG - 账户未登录！
2019-03-06 18:02:21,380 - request - DEBUG - 账户登录成功！
